1598427590765	geckodriver	INFO	Listening on 127.0.0.1:49741
1598427593836	mozrunner::runner	INFO	Running command: "C:\\Program Files (x86)\\Mozilla Firefox\\firefox.exe" "--marionette" "-foreground" "-no-remote" "-profile" "C:\\Users\\amaneit\\AppData\\Local\\Temp\\rust_mozprofileanjbqT"
JavaScript error: resource://gre/modules/XULStore.jsm, line 66: Error: Can't find profile directory.
console.error: SearchCache: "_readCacheFile: Error reading cache file:" (new Error("", "(unknown module)"))
1598427596392	Marionette	INFO	Listening on port 49749
1598427596510	Marionette	WARN	TLS certificate errors will be ignored for this session
JavaScript warning: https://stepik.azureedge.net/static/frontend-build/vendor.js?v=1598011790, line 2923: unreachable code after return statement
JavaScript warning: https://stepik.azureedge.net/static/frontend-build/vendor.js?v=1598011790, line 2923: unreachable code after return statement
1598428207378	Marionette	INFO	Stopped listening on port 49749

###!!! [Child][RunMessage] Error: Channel closing: too late to send/recv, messages will be lost


###!!! [Child][MessageChannel::SendAndWait] Error: Channel error: cannot send/recv

1598430892648	geckodriver	INFO	Listening on 127.0.0.1:50666
1598430895707	mozrunner::runner	INFO	Running command: "C:\\Program Files (x86)\\Mozilla Firefox\\firefox.exe" "--marionette" "-foreground" "-no-remote" "-profile" "C:\\Users\\amaneit\\AppData\\Local\\Temp\\rust_mozprofileNx1Ufm"
JavaScript error: resource://gre/modules/XULStore.jsm, line 66: Error: Can't find profile directory.
console.error: SearchCache: "_readCacheFile: Error reading cache file:" (new Error("", "(unknown module)"))
1598430897699	Marionette	INFO	Listening on port 50675
1598430897714	Marionette	WARN	TLS certificate errors will be ignored for this session
JavaScript error: http://selenium1py.pythonanywhere.com/ru/, line 374: ReferenceError: oscar is not defined
1598430899236	Marionette	INFO	Stopped listening on port 50675

###!!! [Child][RunMessage] Error: Channel closing: too late to send/recv, messages will be lost


###!!! [Child][MessageChannel::SendAndWait] Error: Channel error: cannot send/recv

1598433563913	geckodriver	INFO	Listening on 127.0.0.1:52964
1598433566926	mozrunner::runner	INFO	Running command: "C:\\Program Files (x86)\\Mozilla Firefox\\firefox.exe" "--marionette" "-foreground" "-no-remote" "-profile" "C:\\Users\\amaneit\\AppData\\Local\\Temp\\rust_mozprofilevJLZZL"
JavaScript error: resource://gre/modules/XULStore.jsm, line 66: Error: Can't find profile directory.
console.error: SearchCache: "_readCacheFile: Error reading cache file:" (new Error("", "(unknown module)"))
1598433569958	Marionette	INFO	Listening on port 52977
1598433570046	Marionette	WARN	TLS certificate errors will be ignored for this session
JavaScript warning: https://stepik.azureedge.net/static/frontend-build/vendor.js?v=1598011790, line 2923: unreachable code after return statement
JavaScript warning: https://stepik.azureedge.net/static/frontend-build/vendor.js?v=1598011790, line 2923: unreachable code after return statement
[Child 5796, Chrome_ChildThread] WARNING: pipe error: 232: file /builds/worker/checkouts/gecko/ipc/chromium/src/chrome/common/ipc_channel_win.cc, line 524
1598435504906	Marionette	INFO	Stopped listening on port 52977

###!!! [Child][RunMessage] Error: Channel closing: too late to send/recv, messages will be lost


###!!! [Child][MessageChannel::SendAndWait] Error: Channel error: cannot send/recv

